  unit_tests.cpp
d:\vs2013workspace\geco-sctp-cplus\include\globals.h : warning C4819: The file contains a character that cannot be represented in the current code page (936). Save the file in Unicode format to prevent data loss
d:\vs2013workspace\geco-sctp-cplus\include\config.h(15): warning C4005: '_DEBUG': macro redefinition
  d:\vs2013workspace\geco-sctp-cplus\include\config.h(15): note: command-line arguments:  see previous definition of '_DEBUG'
  test-main.cc
  Generating Code...
C:\Program Files (x86)\MSBuild\Microsoft.Cpp\v4.0\V140\Microsoft.CppBuild.targets(1189,5): warning MSB8012: TargetPath(D:\VS2013WorkSpace\geco-sctp-cplus\mscv\2015\geco-net\x64\Debug\unit-test-ps-lib.exe) does not match the Linker's OutputFile property value (D:\VS2013WorkSpace\geco-sctp-cplus\mscv\2015\geco-net\x64\Debug\geco-net_unit-test-ps-lib_Debugx64.exe). This may cause your project to build incorrectly. To correct this, please make sure that $(OutDir), $(TargetName) and $(TargetExt) property values match the value specified in %(Link.OutputFile).
C:\Program Files (x86)\MSBuild\Microsoft.Cpp\v4.0\V140\Microsoft.CppBuild.targets(1191,5): warning MSB8012: TargetName(unit-test-ps-lib) does not match the Linker's OutputFile property value (geco-net_unit-test-ps-lib_Debugx64). This may cause your project to build incorrectly. To correct this, please make sure that $(OutDir), $(TargetName) and $(TargetExt) property values match the value specified in %(Link.OutputFile).
gmock_Debugx64.lib(gtest-all.obj) : error LNK2038: mismatch detected for '_MSC_VER': value '1800' doesn't match value '1900' in test-main.obj
gmock_Debugx64.lib(gmock-all.obj) : error LNK2038: mismatch detected for '_MSC_VER': value '1800' doesn't match value '1900' in test-main.obj
libucrtd.lib(hypot.obj) : error LNK2005: hypot already defined in gmock_Debugx64.lib(gtest-all.obj)
unit_tests.obj : error LNK2019: unresolved external symbol "public: __cdecl MD5::MD5(class std::basic_string<char,struct std::char_traits<char>,class std::allocator<char> > const &)" (??0MD5@@QEAA@AEBV?$basic_string@DU?$char_traits@D@std@@V?$allocator@D@2@@std@@@Z) referenced in function "private: virtual void __cdecl test_case_auth_test_md5_1_Test::TestBody(void)" (?TestBody@test_case_auth_test_md5_1_Test@@EEAAXXZ)
unit_tests.obj : error LNK2019: unresolved external symbol "public: class std::basic_string<char,struct std::char_traits<char>,class std::allocator<char> > __cdecl MD5::hexdigest(void)const " (?hexdigest@MD5@@QEBA?AV?$basic_string@DU?$char_traits@D@std@@V?$allocator@D@2@@std@@XZ) referenced in function "private: virtual void __cdecl test_case_auth_test_md5_1_Test::TestBody(void)" (?TestBody@test_case_auth_test_md5_1_Test@@EEAAXXZ)
unit_tests.obj : error LNK2019: unresolved external symbol "void __cdecl read_trace_levels(void)" (?read_trace_levels@@YAXXZ) referenced in function "private: virtual void __cdecl test_case_logging_test_read_trace_levels_Test::TestBody(void)" (?TestBody@test_case_logging_test_read_trace_levels_Test@@EEAAXXZ)
unit_tests.obj : error LNK2019: unresolved external symbol "void __cdecl event_log1(short,char const *,char const *,...)" (?event_log1@@YAXFPEBD0ZZ) referenced in function "private: virtual void __cdecl test_case_auth_test_md5_1_Test::TestBody(void)" (?TestBody@test_case_auth_test_md5_1_Test@@EEAAXXZ)
gmock_Debugx64.lib(gtest-all.obj) : error LNK2019: unresolved external symbol __iob_func referenced in function "public: __cdecl testing::internal::GTestLog::~GTestLog(void)" (??1GTestLog@internal@testing@@QEAA@XZ)
gmock_Debugx64.lib(gtest-all.obj) : error LNK2019: unresolved external symbol vprintf referenced in function "void __cdecl testing::internal::ColoredPrintf(enum testing::internal::GTestColor,char const *,...)" (?ColoredPrintf@internal@testing@@YAXW4GTestColor@12@PEBDZZ)
gmock_Debugx64.lib(gtest-all.obj) : error LNK2019: unresolved external symbol "public: __cdecl std::exception::exception(char const * const &)" (??0exception@std@@QEAA@AEBQEBD@Z) referenced in function "public: __cdecl std::runtime_error::runtime_error(class std::basic_string<char,struct std::char_traits<char>,class std::allocator<char> > const &)" (??0runtime_error@std@@QEAA@AEBV?$basic_string@DU?$char_traits@D@std@@V?$allocator@D@2@@1@@Z)
gmock_Debugx64.lib(gmock-all.obj) : error LNK2001: unresolved external symbol "public: __cdecl std::exception::exception(char const * const &)" (??0exception@std@@QEAA@AEBQEBD@Z)
gmock_Debugx64.lib(gtest-all.obj) : error LNK2019: unresolved external symbol "public: __cdecl std::bad_cast::bad_cast(char const *)" (??0bad_cast@std@@QEAA@PEBD@Z) referenced in function "class std::ctype<char> const & __cdecl std::use_facet<class std::ctype<char> >(class std::locale const &)" (??$use_facet@V?$ctype@D@std@@@std@@YAAEBV?$ctype@D@0@AEBVlocale@0@@Z)
gmock_Debugx64.lib(gmock-all.obj) : error LNK2001: unresolved external symbol "public: __cdecl std::bad_cast::bad_cast(char const *)" (??0bad_cast@std@@QEAA@PEBD@Z)
gmock_Debugx64.lib(gtest-all.obj) : error LNK2019: unresolved external symbol "void * __cdecl operator new(unsigned __int64,struct std::_DebugHeapTag_t const &,char *,int)" (??2@YAPEAX_KAEBU_DebugHeapTag_t@std@@PEADH@Z) referenced in function "protected: __cdecl std::basic_streambuf<char,struct std::char_traits<char> >::basic_streambuf<char,struct std::char_traits<char> >(void)" (??0?$basic_streambuf@DU?$char_traits@D@std@@@std@@IEAA@XZ)
gmock_Debugx64.lib(gmock-all.obj) : error LNK2001: unresolved external symbol "void * __cdecl operator new(unsigned __int64,struct std::_DebugHeapTag_t const &,char *,int)" (??2@YAPEAX_KAEBU_DebugHeapTag_t@std@@PEADH@Z)
gmock_Debugx64.lib(gtest-all.obj) : error LNK2019: unresolved external symbol "void * __cdecl operator new[](unsigned __int64,struct std::_DebugHeapTag_t const &,char *,int)" (??_U@YAPEAX_KAEBU_DebugHeapTag_t@std@@PEADH@Z) referenced in function "char * __cdecl std::_Maklocstr<char>(char const *,char *,struct _Cvtvec const &)" (??$_Maklocstr@D@std@@YAPEADPEBDPEADAEBU_Cvtvec@@@Z)
gmock_Debugx64.lib(gmock-all.obj) : error LNK2001: unresolved external symbol "void * __cdecl operator new[](unsigned __int64,struct std::_DebugHeapTag_t const &,char *,int)" (??_U@YAPEAX_KAEBU_DebugHeapTag_t@std@@PEADH@Z)
gmock_Debugx64.lib(gtest-all.obj) : error LNK2019: unresolved external symbol "void __cdecl operator delete(void *,struct std::_DebugHeapTag_t const &,char *,int)" (??3@YAXPEAXAEBU_DebugHeapTag_t@std@@PEADH@Z) referenced in function "int `public: static unsigned __int64 __cdecl std::ctype<char>::_Getcat(class ctype<char>::locale::facet const * *,class ctype<char>::facet const *)'::`1'::dtor$0" (?dtor$0@?0??_Getcat@?$ctype@D@std@@SA_KPEAPEBVfacet@locale@2@PEBV42@@Z@4HA)
gmock_Debugx64.lib(gmock-all.obj) : error LNK2001: unresolved external symbol "void __cdecl operator delete(void *,struct std::_DebugHeapTag_t const &,char *,int)" (??3@YAXPEAXAEBU_DebugHeapTag_t@std@@PEADH@Z)
gmock_Debugx64.lib(gtest-all.obj) : error LNK2019: unresolved external symbol "struct std::_DebugHeapTag_t const & __cdecl std::_DebugHeapTag_func(void)" (?_DebugHeapTag_func@std@@YAAEBU_DebugHeapTag_t@1@XZ) referenced in function "char * __cdecl std::_Maklocstr<char>(char const *,char *,struct _Cvtvec const &)" (??$_Maklocstr@D@std@@YAPEADPEBDPEADAEBU_Cvtvec@@@Z)
gmock_Debugx64.lib(gmock-all.obj) : error LNK2001: unresolved external symbol "struct std::_DebugHeapTag_t const & __cdecl std::_DebugHeapTag_func(void)" (?_DebugHeapTag_func@std@@YAAEBU_DebugHeapTag_t@1@XZ)
gmock_Debugx64.lib(gtest-all.obj) : error LNK2019: unresolved external symbol "char const * __cdecl std::_Winerror_map(int)" (?_Winerror_map@std@@YAPEBDH@Z) referenced in function "public: virtual class std::basic_string<char,struct std::char_traits<char>,class std::allocator<char> > __cdecl std::_System_error_category::message(int)const " (?message@_System_error_category@std@@UEBA?AV?$basic_string@DU?$char_traits@D@std@@V?$allocator@D@2@@2@H@Z)
gmock_Debugx64.lib(gmock-all.obj) : error LNK2001: unresolved external symbol "char const * __cdecl std::_Winerror_map(int)" (?_Winerror_map@std@@YAPEBDH@Z)
D:\VS2013WorkSpace\geco-sctp-cplus\mscv\2015\geco-net\x64\Debug\geco-net_unit-test-ps-lib_Debugx64.exe : fatal error LNK1120: 13 unresolved externals
