Build started 2016/5/22 20:01:58.
     1>Project "D:\VS2013WorkSpace\geco-sctp-cplus\mscv\2013\geco-net\unit-tests\unit-tests.vcxproj" on node 2 (Build target(s)).
     1>ClCompile:
         C:\Program Files (x86)\Microsoft Visual Studio 12.0\VC\bin\x86_amd64\CL.exe /c /I../../../../include /I../../../../thirdparty/ /I../../../../thirdparty/cat/include/ /I"../../../../thirdparty/openssl-1.0.0d/include" /I../../../../thirdparty/googletest/include/ /I../../../../thirdparty/googlemock/include/ /Zi /nologo /W3 /WX- /Od /D WIN32 /D _DEBUG /D _CONSOLE /D _LIB /D _UNICODE /D UNICODE /Gm /EHsc /RTC1 /MTd /GS /fp:precise /Zc:wchar_t /Zc:forScope /Fo"x64\Debug\\" /Fd"x64\Debug\vc120.pdb" /Gd /TP /errorReport:prompt ..\..\..\..\unittets\main.txt unit_tests.cpp
         unit_tests.cpp
     1>D:\VS2013WorkSpace\geco-sctp-cplus\include\globals.h : warning C4819: The file contains a character that cannot be represented in the current code page (936). Save the file in Unicode format to prevent data loss
     1>d:\vs2013workspace\geco-sctp-cplus\include\config.h(15): warning C4005: '_DEBUG' : macro redefinition
                 command-line arguments :  see previous definition of '_DEBUG'
     1>d:\vs2013workspace\geco-sctp-cplus\include\messages.h(432): error C2065: 'COOKIE_FIXED_SIZE' : undeclared identifier
     1>d:\vs2013workspace\geco-sctp-cplus\include\messages.h(432): warning C4200: nonstandard extension used : zero-sized array in struct/union
                 Cannot generate copy-ctor or copy-assignment operator when UDT contains a zero-sized array
         main.txt
     1>D:\VS2013WorkSpace\geco-sctp-cplus\include\globals.h : warning C4819: The file contains a character that cannot be represented in the current code page (936). Save the file in Unicode format to prevent data loss
     1>d:\vs2013workspace\geco-sctp-cplus\include\config.h(15): warning C4005: '_DEBUG' : macro redefinition
                 command-line arguments :  see previous definition of '_DEBUG'
     1>d:\vs2013workspace\geco-sctp-cplus\include\messages.h(432): error C2065: 'COOKIE_FIXED_SIZE' : undeclared identifier
     1>d:\vs2013workspace\geco-sctp-cplus\include\messages.h(432): warning C4200: nonstandard extension used : zero-sized array in struct/union
                 Cannot generate copy-ctor or copy-assignment operator when UDT contains a zero-sized array
     1>D:\VS2013WorkSpace\geco-sctp-cplus\include\poller.h(81): warning C4005: 'POLLIN' : macro redefinition
                 C:\Program Files (x86)\Windows Kits\8.1\Include\um\winsock2.h(1617) : see previous definition of 'POLLIN'
     1>D:\VS2013WorkSpace\geco-sctp-cplus\include\poller.h(82): warning C4005: 'POLLPRI' : macro redefinition
                 C:\Program Files (x86)\Windows Kits\8.1\Include\um\winsock2.h(1618) : see previous definition of 'POLLPRI'
     1>D:\VS2013WorkSpace\geco-sctp-cplus\include\poller.h(83): warning C4005: 'POLLOUT' : macro redefinition
                 C:\Program Files (x86)\Windows Kits\8.1\Include\um\winsock2.h(1621) : see previous definition of 'POLLOUT'
     1>D:\VS2013WorkSpace\geco-sctp-cplus\include\poller.h(84): warning C4005: 'POLLERR' : macro redefinition
                 C:\Program Files (x86)\Windows Kits\8.1\Include\um\winsock2.h(1624) : see previous definition of 'POLLERR'
     1>d:\vs2013workspace\geco-sctp-cplus\include\dispatch_layer.h : warning C4819: The file contains a character that cannot be represented in the current code page (936). Save the file in Unicode format to prevent data loss
     1>d:\vs2013workspace\geco-sctp-cplus\include\geco-ds-malloc.h : warning C4819: The file contains a character that cannot be represented in the current code page (936). Save the file in Unicode format to prevent data loss
     1>d:\vs2013workspace\geco-sctp-cplus\include\geco-ds-config.h : warning C4819: The file contains a character that cannot be represented in the current code page (936). Save the file in Unicode format to prevent data loss
     1>d:\vs2013workspace\geco-sctp-cplus\include\dispatch_layer.h(598): warning C4018: '<' : signed/unsigned mismatch
     1>d:\vs2013workspace\geco-sctp-cplus\include\dispatch_layer.h(741): warning C4018: '<' : signed/unsigned mismatch
     1>d:\vs2013workspace\geco-sctp-cplus\include\dispatch_layer.h(920): warning C4244: '+=' : conversion from 'unsigned __int64' to 'uchar', possible loss of data
     1>..\..\..\..\unittets\main.txt(358): warning C4305: 'initializing' : truncation from 'int' to 'uchar'
     1>..\..\..\..\unittets\main.txt(358): warning C4309: 'initializing' : truncation of constant value
     1>..\..\..\..\unittets\main.txt(524): warning C4305: 'initializing' : truncation from 'int' to 'uchar'
     1>..\..\..\..\unittets\main.txt(524): warning C4309: 'initializing' : truncation of constant value
     1>..\..\..\..\unittets\main.txt(526): warning C4267: 'argument' : conversion from 'size_t' to 'int', possible loss of data
         Generating Code...
     1>Done Building Project "D:\VS2013WorkSpace\geco-sctp-cplus\mscv\2013\geco-net\unit-tests\unit-tests.vcxproj" (Build target(s)) -- FAILED.

Build FAILED.

Time Elapsed 00:00:01.54
