  unit_tests.cpp
D:\VS2013WorkSpace\geco-protocol-stack\include\globals.h : warning C4819: The file contains a character that cannot be represented in the current code page (936). Save the file in Unicode format to prevent data loss
d:\vs2013workspace\geco-protocol-stack\include\config.h(15): warning C4005: '_DEBUG' : macro redefinition
          command-line arguments :  see previous definition of '_DEBUG'
d:\vs2013workspace\geco-protocol-stack\include\auth.h : warning C4819: The file contains a character that cannot be represented in the current code page (936). Save the file in Unicode format to prevent data loss
d:\vs2013workspace\geco-protocol-stack\include\geco-ds-malloc.h : warning C4819: The file contains a character that cannot be represented in the current code page (936). Save the file in Unicode format to prevent data loss
d:\vs2013workspace\geco-protocol-stack\include\geco-ds-config.h : warning C4819: The file contains a character that cannot be represented in the current code page (936). Save the file in Unicode format to prevent data loss
d:\vs2013workspace\geco-protocol-stack\include\geco-ds-malloc.h(232): warning C4346: 'geco::ds::malloc_alloc<inst>::oom_handler_t' : dependent name is not a type
          prefix with 'typename' to indicate a type
d:\vs2013workspace\geco-protocol-stack\include\geco-ds-malloc.h(232): error C2143: syntax error : missing ';' before 'geco::ds::malloc_alloc<inst>::oom_handler'
d:\vs2013workspace\geco-protocol-stack\include\geco-ds-malloc.h(232): fatal error C1903: unable to recover from previous error(s); stopping compilation
