Build started 2016/5/29 17:06:21.
     1>Project "D:\VS2013WorkSpace\geco-engine\mscv\2013\geco-net\unit-tests\unit-tests.vcxproj" on node 2 (Build target(s)).
     1>ClCompile:
         C:\Program Files (x86)\Microsoft Visual Studio 12.0\VC\bin\CL.exe /c /I../../../../include /I../../../../thirdparty/ /I../../../../thirdparty/cat/include/ /I"../../../../thirdparty/openssl-1.0.0d/include" /I../../../../thirdparty/googletest/include/ /I../../../../thirdparty/googlemock/include/ /ZI /nologo /W3 /WX- /Od /Oy- /D WIN32 /D _DEBUG /D _CONSOLE /D _LIB /D _UNICODE /D UNICODE /Gm /EHsc /RTC1 /MTd /GS /fp:precise /Zc:wchar_t /Zc:forScope /Fo"Win32\Debug\\" /Fd"Win32\Debug\vc120.pdb" /Gd /TP /analyze- /errorReport:prompt "..\..\..\..\unittets\test-main.cc" ..\..\..\..\unittets\unit_tests.cpp
         unit_tests.cpp
     1>d:\vs2013workspace\geco-engine\include\globals.h : warning C4819: The file contains a character that cannot be represented in the current code page (936). Save the file in Unicode format to prevent data loss
     1>d:\vs2013workspace\geco-engine\include\config.h(15): warning C4005: '_DEBUG' : macro redefinition
                 command-line arguments :  see previous definition of '_DEBUG'
         test-main.cc
         Generating Code...
     1>C:\Program Files (x86)\MSBuild\Microsoft.Cpp\v4.0\V120\Microsoft.CppBuild.targets(1193,5): warning MSB8012: TargetPath(D:\VS2013WorkSpace\geco-engine\mscv\2013\geco-net\Win32\Debug\unit-tests-ps-lib.exe) does not match the Linker's OutputFile property value (D:\VS2013WorkSpace\geco-engine\mscv\2013\geco-net\Win32\Debug\geco-net_unit-tests-ps-lib_DebugWin32.exe). This may cause your project to build incorrectly. To correct this, please make sure that $(OutDir), $(TargetName) and $(TargetExt) property values match the value specified in %(Link.OutputFile).
     1>C:\Program Files (x86)\MSBuild\Microsoft.Cpp\v4.0\V120\Microsoft.CppBuild.targets(1195,5): warning MSB8012: TargetName(unit-tests-ps-lib) does not match the Linker's OutputFile property value (geco-net_unit-tests-ps-lib_DebugWin32). This may cause your project to build incorrectly. To correct this, please make sure that $(OutDir), $(TargetName) and $(TargetExt) property values match the value specified in %(Link.OutputFile).
       Link:
         C:\Program Files (x86)\Microsoft Visual Studio 12.0\VC\bin\link.exe /ERRORREPORT:PROMPT /OUT:"D:\VS2013WorkSpace\geco-engine\mscv\2013\geco-net\Win32\Debug\geco-net_unit-tests-ps-lib_DebugWin32.exe" /INCREMENTAL /NOLOGO /LIBPATH:../../../../thirdparty/googlemock/libs/ gmock_Debug32.lib user32.lib gdi32.lib winspool.lib comdlg32.lib advapi32.lib shell32.lib ole32.lib oleaut32.lib uuid.lib odbc32.lib odbccp32.lib kernel32.lib user32.lib gdi32.lib winspool.lib comdlg32.lib advapi32.lib shell32.lib ole32.lib oleaut32.lib uuid.lib odbc32.lib odbccp32.lib /MANIFEST /MANIFESTUAC:"level='asInvoker' uiAccess='false'" /manifest:embed /DEBUG /PDB:"D:\VS2013WorkSpace\geco-engine\mscv\2013\geco-net\Win32\Debug\unit-tests-ps-lib.pdb" /SUBSYSTEM:CONSOLE /TLBID:1 /DYNAMICBASE /NXCOMPAT /IMPLIB:"D:\VS2013WorkSpace\geco-engine\mscv\2013\geco-net\Win32\Debug\unit-tests-ps-lib.lib" /MACHINE:X86 "Win32\Debug\test-main.obj"
         Win32\Debug\unit_tests.obj
         "D:\VS2013WorkSpace\geco-engine\mscv\2013\geco-net\Win32\Debug\geco-net_protocol-stack-lib_DebugWin32.lib"
     1>LINK : fatal error LNK1104: cannot open file 'gmock_Debug32.lib'
     1>Done Building Project "D:\VS2013WorkSpace\geco-engine\mscv\2013\geco-net\unit-tests\unit-tests.vcxproj" (Build target(s)) -- FAILED.

Build FAILED.

Time Elapsed 00:00:02.47
