Build started 4/19/2016 8:13:39 PM.
     1>Project "D:\VS2013WorkSpace\wheel-of-sctp\mscv\project\project\project.vcxproj" on node 2 (Build target(s)).
     1>C:\Program Files (x86)\MSBuild\Microsoft.Cpp\v4.0\V120\Microsoft.CppBuild.targets(364,5): warning MSB8004: Output Directory does not end with a trailing slash.  This build instance will add the slash as it is required to allow proper evaluation of the Output Directory.
     1>ClCompile:
         C:\Program Files (x86)\Microsoft Visual Studio 12.0\VC\bin\x86_amd64\CL.exe /c /I"D:\VS2013WorkSpace\wheel-of-sctp\my_wheel_src" /Zi /nologo /W3 /WX- /Od /D WIN32 /D _DEBUG /D _CONSOLE /D _LIB /D _UNICODE /D UNICODE /Gm /EHsc /RTC1 /MDd /GS /fp:precise /Zc:wchar_t /Zc:forScope /Fo"x64\Debug\\" /Fd"x64\Debug\vc120.pdb" /Gd /TP /errorReport:prompt ..\..\..\my_wheel_src\globals.cc main.cpp
         globals.cc
     1>..\..\..\my_wheel_src\globals.cc : warning C4819: The file contains a character that cannot be represented in the current code page (936). Save the file in Unicode format to prevent data loss
     1>d:\vs2013workspace\wheel-of-sctp\my_wheel_src\globals.h : warning C4819: The file contains a character that cannot be represented in the current code page (936). Save the file in Unicode format to prevent data loss
     1>d:\vs2013workspace\wheel-of-sctp\my_wheel_src\globals.h(307): error C2079: 'sockaddrunion::sin6' uses undefined struct 'sockaddr_in6'
     1>..\..\..\my_wheel_src\globals.cc(125): warning C4244: '=' : conversion from 'time_t' to 'long', possible loss of data
         Generating Code...
         Compiling...
         main.cpp
     1>D:\VS2013WorkSpace\wheel-of-sctp\my_wheel_src\globals.h : warning C4819: The file contains a character that cannot be represented in the current code page (936). Save the file in Unicode format to prevent data loss
     1>D:\VS2013WorkSpace\wheel-of-sctp\my_wheel_src\globals.h(307): error C2079: 'sockaddrunion::sin6' uses undefined struct 'sockaddr_in6'
         Generating Code...
     1>Done Building Project "D:\VS2013WorkSpace\wheel-of-sctp\mscv\project\project\project.vcxproj" (Build target(s)) -- FAILED.

Build FAILED.

Time Elapsed 00:00:01.81
